#
# There is insufficient memory for the Java Runtime Environment to continue.
# Native memory allocation (malloc) failed to allocate 32744 bytes. Error detail: Chunk::new
# Possible reasons:
#   The system is out of physical RAM or swap space
#   This process is running with CompressedOops enabled, and the Java Heap may be blocking the growth of the native heap
# Possible solutions:
#   Reduce memory load on the system
#   Increase physical memory or swap space
#   Check if swap backing store is full
#   Decrease Java heap size (-Xmx/-Xms)
#   Decrease number of Java threads
#   Decrease Java thread stack sizes (-Xss)
#   Set larger code cache with -XX:ReservedCodeCacheSize=
#   JVM is running with Unscaled Compressed Oops mode in which the Java heap is
#     placed in the first 4GB address space. The Java Heap base address is the
#     maximum limit for the native heap growth. Please use -XX:HeapBaseMinAddress
#     to set the Java Heap base and to place the Java Heap above 4GB virtual address.
# This output file may be truncated or incomplete.
#
#  Out of Memory Error (arena.cpp:168), pid=9092, tid=32424
#
# JRE version: OpenJDK Runtime Environment Temurin-21.0.8+9 (21.0.8+9) (build 21.0.8+9-LTS)
# Java VM: OpenJDK 64-Bit Server VM Temurin-21.0.8+9 (21.0.8+9-LTS, mixed mode, sharing, tiered, compressed oops, compressed class ptrs, parallel gc, windows-amd64)
# No core dump will be written. Minidumps are not enabled by default on client versions of Windows
#

---------------  S U M M A R Y ------------

Command Line: --add-modules=ALL-SYSTEM --add-opens=java.base/java.util=ALL-UNNAMED --add-opens=java.base/java.lang=ALL-UNNAMED --add-opens=java.base/sun.nio.fs=ALL-UNNAMED -Declipse.application=org.eclipse.jdt.ls.core.id1 -Dosgi.bundles.defaultStartLevel=4 -Declipse.product=org.eclipse.jdt.ls.core.product -Djava.import.generatesMetadataFilesAtProjectRoot=false -DDetectVMInstallationsJob.disabled=true -Dfile.encoding=utf8 -XX:+UseParallelGC -XX:GCTimeRatio=4 -XX:AdaptiveSizePolicyWeight=90 -Dsun.zip.disableMemoryMapping=true -Xmx2G -Xms100m -Xlog:disable -javaagent:c:\Users\14848\.vscode\extensions\redhat.java-1.44.0-win32-x64\lombok\lombok-1.18.39-4050.jar -XX:+HeapDumpOnOutOfMemoryError -XX:HeapDumpPath=c:\Users\14848\AppData\Roaming\Code\User\workspaceStorage\0ebadca8cb9dd3d98f2bd67353e32416\redhat.java -Daether.dependencyCollector.impl=bf c:\Users\14848\.vscode\extensions\redhat.java-1.44.0-win32-x64\server\plugins\org.eclipse.equinox.launcher_1.7.0.v20250519-0528.jar -configuration c:\Users\14848\AppData\Roaming\Code\User\globalStorage\redhat.java\1.44.0\config_win -data c:\Users\14848\AppData\Roaming\Code\User\workspaceStorage\0ebadca8cb9dd3d98f2bd67353e32416\redhat.java\jdt_ws --pipe=\\.\pipe\lsp-28044dd2ad3eee2e307bd185dfb9681f-sock

Host: Intel(R) Core(TM) i7-10710U CPU @ 1.10GHz, 12 cores, 15G,  Windows 11 , 64 bit Build 22621 (10.0.22621.5262)
Time: Mon Oct 20 10:20:39 2025 elapsed time: 16.918329 seconds (0d 0h 0m 16s)

---------------  T H R E A D  ---------------

Current thread (0x000001d8fa9a6e90):  JavaThread "C2 CompilerThread0" daemon [_thread_in_native, id=32424, stack(0x000000a1ed200000,0x000000a1ed300000) (1024K)]


Current CompileTask:
C2:16919 4060       4       java.lang.Object::toString (36 bytes)

Stack: [0x000000a1ed200000,0x000000a1ed300000]
Native frames: (J=compiled Java code, j=interpreted, Vv=VM code, C=native code)
V  [jvm.dll+0x6d2449]
V  [jvm.dll+0x8ae341]
V  [jvm.dll+0x8b08be]
V  [jvm.dll+0x8b0fa3]
V  [jvm.dll+0x280c96]
V  [jvm.dll+0xc581d]
V  [jvm.dll+0xc5d53]
V  [jvm.dll+0x1463ee]
V  [jvm.dll+0x145392]
V  [jvm.dll+0x6d791c]
V  [jvm.dll+0x24929d]
V  [jvm.dll+0x2484af]
V  [jvm.dll+0x1c89ee]
V  [jvm.dll+0x257d4d]
V  [jvm.dll+0x2562ea]
V  [jvm.dll+0x3f2d16]
V  [jvm.dll+0x857e6b]
V  [jvm.dll+0x6d0b0d]
C  [ucrtbase.dll+0x29333]
C  [KERNEL32.DLL+0x1259d]
C  [ntdll.dll+0x5af58]


---------------  P R O C E S S  ---------------

Threads class SMR info:
_java_thread_list=0x000001d8d0ebcb90, length=25, elements={
0x000001d8eed5aa60, 0x000001d8f10adcf0, 0x000001d8fa996840, 0x000001d8fa998540,
0x000001d8fa9994f0, 0x000001d8fa99bb80, 0x000001d8fa9a09b0, 0x000001d8fa9a6e90,
0x000001d8fa9a8380, 0x000001d8faa73d60, 0x000001d8fad03570, 0x000001d8ff67b690,
0x000001d8d02ec100, 0x000001d8d017dc80, 0x000001d8ff695470, 0x000001d8d03fbc40,
0x000001d8d02da320, 0x000001d8d05edeb0, 0x000001d8d05ed820, 0x000001d8d05ed190,
0x000001d8d05ee540, 0x000001d8d05eebd0, 0x000001d8d05ec470, 0x000001d8d05ecb00,
0x000001d8faa9aae0
}

Java Threads: ( => current thread )
  0x000001d8eed5aa60 JavaThread "main"                              [_thread_blocked, id=28320, stack(0x000000a1ec800000,0x000000a1ec900000) (1024K)]
  0x000001d8f10adcf0 JavaThread "Reference Handler"          daemon [_thread_blocked, id=37188, stack(0x000000a1ecc00000,0x000000a1ecd00000) (1024K)]
  0x000001d8fa996840 JavaThread "Finalizer"                  daemon [_thread_blocked, id=26120, stack(0x000000a1ecd00000,0x000000a1ece00000) (1024K)]
  0x000001d8fa998540 JavaThread "Signal Dispatcher"          daemon [_thread_blocked, id=32752, stack(0x000000a1ece00000,0x000000a1ecf00000) (1024K)]
  0x000001d8fa9994f0 JavaThread "Attach Listener"            daemon [_thread_blocked, id=23376, stack(0x000000a1ecf00000,0x000000a1ed000000) (1024K)]
  0x000001d8fa99bb80 JavaThread "Service Thread"             daemon [_thread_blocked, id=16080, stack(0x000000a1ed000000,0x000000a1ed100000) (1024K)]
  0x000001d8fa9a09b0 JavaThread "Monitor Deflation Thread"   daemon [_thread_blocked, id=14032, stack(0x000000a1ed100000,0x000000a1ed200000) (1024K)]
=>0x000001d8fa9a6e90 JavaThread "C2 CompilerThread0"         daemon [_thread_in_native, id=32424, stack(0x000000a1ed200000,0x000000a1ed300000) (1024K)]
  0x000001d8fa9a8380 JavaThread "C1 CompilerThread0"         daemon [_thread_blocked, id=8160, stack(0x000000a1ed300000,0x000000a1ed400000) (1024K)]
  0x000001d8faa73d60 JavaThread "Common-Cleaner"             daemon [_thread_blocked, id=32996, stack(0x000000a1ed400000,0x000000a1ed500000) (1024K)]
  0x000001d8fad03570 JavaThread "Notification Thread"        daemon [_thread_blocked, id=24304, stack(0x000000a1ed500000,0x000000a1ed600000) (1024K)]
  0x000001d8ff67b690 JavaThread "Active Thread: Equinox Container: 9533196c-41dd-4f4c-b20c-c4be0304bdf2"        [_thread_blocked, id=9760, stack(0x000000a1ed700000,0x000000a1ed800000) (1024K)]
  0x000001d8d02ec100 JavaThread "Refresh Thread: Equinox Container: 9533196c-41dd-4f4c-b20c-c4be0304bdf2" daemon [_thread_blocked, id=38048, stack(0x000000a1edf00000,0x000000a1ee000000) (1024K)]
  0x000001d8d017dc80 JavaThread "Framework Event Dispatcher: Equinox Container: 9533196c-41dd-4f4c-b20c-c4be0304bdf2" daemon [_thread_blocked, id=32736, stack(0x000000a1ee000000,0x000000a1ee100000) (1024K)]
  0x000001d8ff695470 JavaThread "Start Level: Equinox Container: 9533196c-41dd-4f4c-b20c-c4be0304bdf2" daemon [_thread_in_vm, id=22468, stack(0x000000a1ed600000,0x000000a1ed700000) (1024K)]
  0x000001d8d03fbc40 JavaThread "Bundle File Closer"         daemon [_thread_blocked, id=24500, stack(0x000000a1ee500000,0x000000a1ee600000) (1024K)]
  0x000001d8d02da320 JavaThread "SCR Component Actor"        daemon [_thread_blocked, id=25196, stack(0x000000a1ee200000,0x000000a1ee300000) (1024K)]
  0x000001d8d05edeb0 JavaThread "SCR Component Registry"     daemon [_thread_blocked, id=21272, stack(0x000000a1ee100000,0x000000a1ee200000) (1024K)]
  0x000001d8d05ed820 JavaThread "Worker-JM"                         [_thread_blocked, id=16628, stack(0x000000a1ee600000,0x000000a1ee700000) (1024K)]
  0x000001d8d05ed190 JavaThread "JNA Cleaner"                daemon [_thread_blocked, id=36536, stack(0x000000a1ee800000,0x000000a1ee900000) (1024K)]
  0x000001d8d05ee540 JavaThread "Worker-0: Repository registry initialization"        [_thread_blocked, id=21824, stack(0x000000a1ee700000,0x000000a1ee800000) (1024K)]
  0x000001d8d05eebd0 JavaThread "Worker-1: Updating Maven Dependencies"        [_thread_in_vm, id=21852, stack(0x000000a1ee900000,0x000000a1eea00000) (1024K)]
  0x000001d8d05ec470 JavaThread "Worker-2"                          [_thread_blocked, id=3136, stack(0x000000a1eea00000,0x000000a1eeb00000) (1024K)]
  0x000001d8d05ecb00 JavaThread "Worker-3"                          [_thread_blocked, id=10220, stack(0x000000a1eeb00000,0x000000a1eec00000) (1024K)]
  0x000001d8faa9aae0 JavaThread "C2 CompilerThread1"         daemon [_thread_in_native, id=38124, stack(0x000000a1eec00000,0x000000a1eed00000) (1024K)]
Total: 25

Other Threads:
  0x000001d8f11bec00 VMThread "VM Thread"                           [id=11512, stack(0x000000a1ecb00000,0x000000a1ecc00000) (1024K)]
  0x000001d8f0f8ca10 WatcherThread "VM Periodic Task Thread"        [id=8164, stack(0x000000a1eca00000,0x000000a1ecb00000) (1024K)]
  0x000001d8f1122b30 WorkerThread "GC Thread#0"                     [id=31252, stack(0x000000a1ec900000,0x000000a1eca00000) (1024K)]
  0x000001d8fad327d0 WorkerThread "GC Thread#1"                     [id=25952, stack(0x000000a1ed800000,0x000000a1ed900000) (1024K)]
  0x000001d8fad32b70 WorkerThread "GC Thread#2"                     [id=3460, stack(0x000000a1ed900000,0x000000a1eda00000) (1024K)]
  0x000001d8d00140e0 WorkerThread "GC Thread#3"                     [id=10492, stack(0x000000a1eda00000,0x000000a1edb00000) (1024K)]
  0x000001d8d0014480 WorkerThread "GC Thread#4"                     [id=33184, stack(0x000000a1edb00000,0x000000a1edc00000) (1024K)]
  0x000001d8ff766540 WorkerThread "GC Thread#5"                     [id=1796, stack(0x000000a1edc00000,0x000000a1edd00000) (1024K)]
  0x000001d8ff7668e0 WorkerThread "GC Thread#6"                     [id=13184, stack(0x000000a1edd00000,0x000000a1ede00000) (1024K)]
  0x000001d8d001bfb0 WorkerThread "GC Thread#7"                     [id=29860, stack(0x000000a1ede00000,0x000000a1edf00000) (1024K)]
  0x000001d8facec620 WorkerThread "GC Thread#8"                     [id=14632, stack(0x000000a1ee300000,0x000000a1ee400000) (1024K)]
  0x000001d8facec9c0 WorkerThread "GC Thread#9"                     [id=19520, stack(0x000000a1ee400000,0x000000a1ee500000) (1024K)]
Total: 12

Threads with active compile tasks:
C2 CompilerThread0  17113 4060       4       java.lang.Object::toString (36 bytes)
C2 CompilerThread1  17113 4077   !   4       org.eclipse.osgi.internal.loader.classpath.ClasspathManager::findClassImpl (343 bytes)
Total: 2

VM state: not at safepoint (normal execution)

VM Mutex/Monitor currently owned by a thread:  ([mutex/lock_event])
[0x00007ffea18c3458] Metaspace_lock - owner thread: 0x000001d8d05eebd0

Heap address: 0x0000000080000000, size: 2048 MB, Compressed Oops mode: 32-bit

CDS archive(s) mapped at: [0x000001d88f000000-0x000001d88fba0000-0x000001d88fba0000), size 12189696, SharedBaseAddress: 0x000001d88f000000, ArchiveRelocationMode: 1.
Compressed class space mapped at: 0x000001d890000000-0x000001d8d0000000, reserved size: 1073741824
Narrow klass base: 0x000001d88f000000, Narrow klass shift: 0, Narrow klass range: 0x100000000

GC Precious Log:
 CardTable entry size: 512
 CPUs: 12 total, 12 available
 Memory: 16214M
 Large Page Support: Disabled
 NUMA Support: Disabled
 Compressed Oops: Enabled (32-bit)
 Alignments: Space 512K, Generation 512K, Heap 2M
 Heap Min Capacity: 100M
 Heap Initial Capacity: 100M
 Heap Max Capacity: 2G
 Pre-touch: Disabled
 Parallel Workers: 10

Heap:
 PSYoungGen      total 26112K, used 9692K [0x00000000d5580000, 0x00000000d7380000, 0x0000000100000000)
  eden space 23552K, 30% used [0x00000000d5580000,0x00000000d5c7e300,0x00000000d6c80000)
  from space 2560K, 98% used [0x00000000d6e80000,0x00000000d70f8f58,0x00000000d7100000)
  to   space 2560K, 0% used [0x00000000d7100000,0x00000000d7100000,0x00000000d7380000)
 ParOldGen       total 68608K, used 13271K [0x0000000080000000, 0x0000000084300000, 0x00000000d5580000)
  object space 68608K, 19% used [0x0000000080000000,0x0000000080cf5f80,0x0000000084300000)
 Metaspace       used 27585K, committed 28416K, reserved 1114112K
  class space    used 2784K, committed 3136K, reserved 1048576K

Card table byte_map: [0x000001d8f0aa0000,0x000001d8f0eb0000] _byte_map_base: 0x000001d8f06a0000

Marking Bits: (ParMarkBitMap*) 0x00007ffea18ca340
 Begin Bits: [0x000001d8f45a0000, 0x000001d8f65a0000)
 End Bits:   [0x000001d8f65a0000, 0x000001d8f85a0000)

Polling page: 0x000001d8ef020000

Metaspace:

Usage:
  Non-class:     24.22 MB used.
      Class:      2.72 MB used.
       Both:     26.94 MB used.

Virtual space:
  Non-class space:       64.00 MB reserved,      24.69 MB ( 39%) committed,  1 nodes.
      Class space:        1.00 GB reserved,       3.06 MB ( <1%) committed,  1 nodes.
             Both:        1.06 GB reserved,      27.75 MB (  3%) committed. 

Chunk freelists:
   Non-Class:  7.23 MB
       Class:  12.81 MB
        Both:  20.05 MB

MaxMetaspaceSize: unlimited
CompressedClassSpaceSize: 1.00 GB
Initial GC threshold: 21.00 MB
Current GC threshold: 35.00 MB
CDS: on
 - commit_granule_bytes: 65536.
 - commit_granule_words: 8192.
 - virtual_space_node_default_size: 8388608.
 - enlarge_chunks_in_place: 1.
 - use_allocation_guard: 0.


Internal statistics:

num_allocs_failed_limit: 3.
num_arena_births: 716.
num_arena_deaths: 14.
num_vsnodes_births: 2.
num_vsnodes_deaths: 0.
num_space_committed: 444.
num_space_uncommitted: 0.
num_chunks_returned_to_freelist: 17.
num_chunks_taken_from_freelist: 1858.
num_chunk_merges: 9.
num_chunk_splits: 1189.
num_chunks_enlarged: 718.
num_inconsistent_stats: 0.

CodeHeap 'non-profiled nmethods': size=120000Kb used=1853Kb max_used=1853Kb free=118146Kb
 bounds [0x000001d887ad0000, 0x000001d887d40000, 0x000001d88f000000]
CodeHeap 'profiled nmethods': size=120000Kb used=8555Kb max_used=8555Kb free=111444Kb
 bounds [0x000001d880000000, 0x000001d880860000, 0x000001d887530000]
CodeHeap 'non-nmethods': size=5760Kb used=1359Kb max_used=1365Kb free=4401Kb
 bounds [0x000001d887530000, 0x000001d8877a0000, 0x000001d887ad0000]
CodeCache: size=245760Kb, used=11767Kb, max_used=11773Kb, free=233991Kb
 total_blobs=4702, nmethods=4079, adapters=527, full_count=0
Compilation: enabled, stopped_count=0, restarted_count=0

Compilation events (20 events):
Event: 16.779 Thread 0x000001d8fa9a8380 nmethod 4078 0x000001d88084ea10 code [0x000001d88084eba0, 0x000001d88084eca8]
Event: 16.784 Thread 0x000001d8fa9a8380 4079       3       org.lombokweb.asm.MethodWriter::visitFrame (811 bytes)
Event: 16.806 Thread 0x000001d8fa9a8380 nmethod 4079 0x000001d88084ed10 code [0x000001d88084f260, 0x000001d8808514d0]
Event: 16.806 Thread 0x000001d8fa9a8380 4081       3       org.lombokweb.asm.ClassReader::readStackMapFrame (535 bytes)
Event: 16.811 Thread 0x000001d8fa9a8380 nmethod 4081 0x000001d880852410 code [0x000001d8808526c0, 0x000001d880853690]
Event: 16.811 Thread 0x000001d8fa9a8380 4080       3       org.lombokweb.asm.Label::put (83 bytes)
Event: 16.812 Thread 0x000001d8fa9a8380 nmethod 4080 0x000001d880853c90 code [0x000001d880853ec0, 0x000001d8808542f0]
Event: 16.812 Thread 0x000001d8fa9a8380 4083       3       org.lombokweb.asm.MethodVisitor::visitFieldInsn (20 bytes)
Event: 16.813 Thread 0x000001d8fa9a8380 nmethod 4083 0x000001d880854490 code [0x000001d880854640, 0x000001d880854848]
Event: 16.813 Thread 0x000001d8fa9a8380 4082       3       org.lombokweb.asm.MethodWriter::visitJumpInsn (495 bytes)
Event: 16.818 Thread 0x000001d8fa9a8380 nmethod 4082 0x000001d880854910 code [0x000001d880854c60, 0x000001d880855c68]
Event: 16.819 Thread 0x000001d8fa9a8380 4087       3       lombok.patcher.Hook::convertType (64 bytes)
Event: 16.822 Thread 0x000001d8fa9a8380 nmethod 4087 0x000001d880856290 code [0x000001d8808564e0, 0x000001d880856be8]
Event: 16.822 Thread 0x000001d8fa9a8380 4088   !   3       java.lang.String::replace (258 bytes)
Event: 16.831 Thread 0x000001d8fa9a8380 nmethod 4088 0x000001d880856f90 code [0x000001d880857460, 0x000001d8808596c0]
Event: 16.832 Thread 0x000001d8fa9a8380 4084       3       org.lombokweb.asm.Label::addForwardReference (102 bytes)
Event: 16.832 Thread 0x000001d8faa9aae0 4086       4       org.lombokweb.asm.Label::resolve (259 bytes)
Event: 16.833 Thread 0x000001d8fa9a8380 nmethod 4084 0x000001d88085a610 code [0x000001d88085a7e0, 0x000001d88085ac40]
Event: 16.854 Thread 0x000001d8faa9aae0 nmethod 4086 0x000001d887c9ed90 code [0x000001d887c9ef40, 0x000001d887c9f3c8]
Event: 16.854 Thread 0x000001d8faa9aae0 4077   !   4       org.eclipse.osgi.internal.loader.classpath.ClasspathManager::findClassImpl (343 bytes)

GC Heap History (20 events):
Event: 3.180 GC heap before
{Heap before GC invocations=1 (full 0):
 PSYoungGen      total 29696K, used 25600K [0x00000000d5580000, 0x00000000d7680000, 0x0000000100000000)
  eden space 25600K, 100% used [0x00000000d5580000,0x00000000d6e80000,0x00000000d6e80000)
  from space 4096K, 0% used [0x00000000d7280000,0x00000000d7280000,0x00000000d7680000)
  to   space 4096K, 0% used [0x00000000d6e80000,0x00000000d6e80000,0x00000000d7280000)
 ParOldGen       total 68608K, used 0K [0x0000000080000000, 0x0000000084300000, 0x00000000d5580000)
  object space 68608K, 0% used [0x0000000080000000,0x0000000080000000,0x0000000084300000)
 Metaspace       used 4278K, committed 4480K, reserved 1114112K
  class space    used 472K, committed 576K, reserved 1048576K
}
Event: 3.202 GC heap after
{Heap after GC invocations=1 (full 0):
 PSYoungGen      total 29696K, used 3502K [0x00000000d5580000, 0x00000000d7680000, 0x0000000100000000)
  eden space 25600K, 0% used [0x00000000d5580000,0x00000000d5580000,0x00000000d6e80000)
  from space 4096K, 85% used [0x00000000d6e80000,0x00000000d71ebbb8,0x00000000d7280000)
  to   space 4096K, 0% used [0x00000000d7280000,0x00000000d7280000,0x00000000d7680000)
 ParOldGen       total 68608K, used 16K [0x0000000080000000, 0x0000000084300000, 0x00000000d5580000)
  object space 68608K, 0% used [0x0000000080000000,0x0000000080004000,0x0000000084300000)
 Metaspace       used 4278K, committed 4480K, reserved 1114112K
  class space    used 472K, committed 576K, reserved 1048576K
}
Event: 5.779 GC heap before
{Heap before GC invocations=2 (full 0):
 PSYoungGen      total 29696K, used 29102K [0x00000000d5580000, 0x00000000d7680000, 0x0000000100000000)
  eden space 25600K, 100% used [0x00000000d5580000,0x00000000d6e80000,0x00000000d6e80000)
  from space 4096K, 85% used [0x00000000d6e80000,0x00000000d71ebbb8,0x00000000d7280000)
  to   space 4096K, 0% used [0x00000000d7280000,0x00000000d7280000,0x00000000d7680000)
 ParOldGen       total 68608K, used 16K [0x0000000080000000, 0x0000000084300000, 0x00000000d5580000)
  object space 68608K, 0% used [0x0000000080000000,0x0000000080004000,0x0000000084300000)
 Metaspace       used 7997K, committed 8256K, reserved 1114112K
  class space    used 836K, committed 960K, reserved 1048576K
}
Event: 5.796 GC heap after
{Heap after GC invocations=2 (full 0):
 PSYoungGen      total 29696K, used 4077K [0x00000000d5580000, 0x00000000d7680000, 0x0000000100000000)
  eden space 25600K, 0% used [0x00000000d5580000,0x00000000d5580000,0x00000000d6e80000)
  from space 4096K, 99% used [0x00000000d7280000,0x00000000d767b540,0x00000000d7680000)
  to   space 4096K, 0% used [0x00000000d6e80000,0x00000000d6e80000,0x00000000d7280000)
 ParOldGen       total 68608K, used 1873K [0x0000000080000000, 0x0000000084300000, 0x00000000d5580000)
  object space 68608K, 2% used [0x0000000080000000,0x00000000801d46a8,0x0000000084300000)
 Metaspace       used 7997K, committed 8256K, reserved 1114112K
  class space    used 836K, committed 960K, reserved 1048576K
}
Event: 7.922 GC heap before
{Heap before GC invocations=3 (full 0):
 PSYoungGen      total 29696K, used 29637K [0x00000000d5580000, 0x00000000d7680000, 0x0000000100000000)
  eden space 25600K, 99% used [0x00000000d5580000,0x00000000d6e76048,0x00000000d6e80000)
  from space 4096K, 99% used [0x00000000d7280000,0x00000000d767b540,0x00000000d7680000)
  to   space 4096K, 0% used [0x00000000d6e80000,0x00000000d6e80000,0x00000000d7280000)
 ParOldGen       total 68608K, used 1873K [0x0000000080000000, 0x0000000084300000, 0x00000000d5580000)
  object space 68608K, 2% used [0x0000000080000000,0x00000000801d46a8,0x0000000084300000)
 Metaspace       used 9348K, committed 9728K, reserved 1114112K
  class space    used 1000K, committed 1152K, reserved 1048576K
}
Event: 7.941 GC heap after
{Heap after GC invocations=3 (full 0):
 PSYoungGen      total 29696K, used 4084K [0x00000000d5580000, 0x00000000d7680000, 0x0000000100000000)
  eden space 25600K, 0% used [0x00000000d5580000,0x00000000d5580000,0x00000000d6e80000)
  from space 4096K, 99% used [0x00000000d6e80000,0x00000000d727d2c0,0x00000000d7280000)
  to   space 4096K, 0% used [0x00000000d7280000,0x00000000d7280000,0x00000000d7680000)
 ParOldGen       total 68608K, used 5167K [0x0000000080000000, 0x0000000084300000, 0x00000000d5580000)
  object space 68608K, 7% used [0x0000000080000000,0x000000008050bcf0,0x0000000084300000)
 Metaspace       used 9348K, committed 9728K, reserved 1114112K
  class space    used 1000K, committed 1152K, reserved 1048576K
}
Event: 9.562 GC heap before
{Heap before GC invocations=4 (full 0):
 PSYoungGen      total 29696K, used 29684K [0x00000000d5580000, 0x00000000d7680000, 0x0000000100000000)
  eden space 25600K, 100% used [0x00000000d5580000,0x00000000d6e80000,0x00000000d6e80000)
  from space 4096K, 99% used [0x00000000d6e80000,0x00000000d727d2c0,0x00000000d7280000)
  to   space 4096K, 0% used [0x00000000d7280000,0x00000000d7280000,0x00000000d7680000)
 ParOldGen       total 68608K, used 5167K [0x0000000080000000, 0x0000000084300000, 0x00000000d5580000)
  object space 68608K, 7% used [0x0000000080000000,0x000000008050bcf0,0x0000000084300000)
 Metaspace       used 12127K, committed 12480K, reserved 1114112K
  class space    used 1294K, committed 1472K, reserved 1048576K
}
Event: 9.579 GC heap after
{Heap after GC invocations=4 (full 0):
 PSYoungGen      total 29696K, used 4079K [0x00000000d5580000, 0x00000000d7680000, 0x0000000100000000)
  eden space 25600K, 0% used [0x00000000d5580000,0x00000000d5580000,0x00000000d6e80000)
  from space 4096K, 99% used [0x00000000d7280000,0x00000000d767bde8,0x00000000d7680000)
  to   space 4096K, 0% used [0x00000000d6e80000,0x00000000d6e80000,0x00000000d7280000)
 ParOldGen       total 68608K, used 6814K [0x0000000080000000, 0x0000000084300000, 0x00000000d5580000)
  object space 68608K, 9% used [0x0000000080000000,0x00000000806a7bd0,0x0000000084300000)
 Metaspace       used 12127K, committed 12480K, reserved 1114112K
  class space    used 1294K, committed 1472K, reserved 1048576K
}
Event: 11.636 GC heap before
{Heap before GC invocations=5 (full 0):
 PSYoungGen      total 29696K, used 29679K [0x00000000d5580000, 0x00000000d7680000, 0x0000000100000000)
  eden space 25600K, 100% used [0x00000000d5580000,0x00000000d6e80000,0x00000000d6e80000)
  from space 4096K, 99% used [0x00000000d7280000,0x00000000d767bde8,0x00000000d7680000)
  to   space 4096K, 0% used [0x00000000d6e80000,0x00000000d6e80000,0x00000000d7280000)
 ParOldGen       total 68608K, used 6814K [0x0000000080000000, 0x0000000084300000, 0x00000000d5580000)
  object space 68608K, 9% used [0x0000000080000000,0x00000000806a7bd0,0x0000000084300000)
 Metaspace       used 15382K, committed 16000K, reserved 1114112K
  class space    used 1579K, committed 1856K, reserved 1048576K
}
Event: 11.647 GC heap after
{Heap after GC invocations=5 (full 0):
 PSYoungGen      total 29184K, used 4078K [0x00000000d5580000, 0x00000000d7900000, 0x0000000100000000)
  eden space 25088K, 0% used [0x00000000d5580000,0x00000000d5580000,0x00000000d6e00000)
  from space 4096K, 99% used [0x00000000d6e80000,0x00000000d727b830,0x00000000d7280000)
  to   space 5632K, 0% used [0x00000000d7380000,0x00000000d7380000,0x00000000d7900000)
 ParOldGen       total 68608K, used 7983K [0x0000000080000000, 0x0000000084300000, 0x00000000d5580000)
  object space 68608K, 11% used [0x0000000080000000,0x00000000807cbf38,0x0000000084300000)
 Metaspace       used 15382K, committed 16000K, reserved 1114112K
  class space    used 1579K, committed 1856K, reserved 1048576K
}
Event: 14.265 GC heap before
{Heap before GC invocations=6 (full 0):
 PSYoungGen      total 29184K, used 29166K [0x00000000d5580000, 0x00000000d7900000, 0x0000000100000000)
  eden space 25088K, 100% used [0x00000000d5580000,0x00000000d6e00000,0x00000000d6e00000)
  from space 4096K, 99% used [0x00000000d6e80000,0x00000000d727b830,0x00000000d7280000)
  to   space 5632K, 0% used [0x00000000d7380000,0x00000000d7380000,0x00000000d7900000)
 ParOldGen       total 68608K, used 7983K [0x0000000080000000, 0x0000000084300000, 0x00000000d5580000)
  object space 68608K, 11% used [0x0000000080000000,0x00000000807cbf38,0x0000000084300000)
 Metaspace       used 18595K, committed 19392K, reserved 1114112K
  class space    used 1948K, committed 2240K, reserved 1048576K
}
Event: 14.274 GC heap after
{Heap after GC invocations=6 (full 0):
 PSYoungGen      total 29696K, used 5012K [0x00000000d5580000, 0x00000000d7880000, 0x0000000100000000)
  eden space 24576K, 0% used [0x00000000d5580000,0x00000000d5580000,0x00000000d6d80000)
  from space 5120K, 97% used [0x00000000d7380000,0x00000000d78650e8,0x00000000d7880000)
  to   space 5632K, 0% used [0x00000000d6d80000,0x00000000d6d80000,0x00000000d7300000)
 ParOldGen       total 68608K, used 7991K [0x0000000080000000, 0x0000000084300000, 0x00000000d5580000)
  object space 68608K, 11% used [0x0000000080000000,0x00000000807cdf38,0x0000000084300000)
 Metaspace       used 18595K, committed 19392K, reserved 1114112K
  class space    used 1948K, committed 2240K, reserved 1048576K
}
Event: 15.345 GC heap before
{Heap before GC invocations=7 (full 0):
 PSYoungGen      total 29696K, used 25076K [0x00000000d5580000, 0x00000000d7880000, 0x0000000100000000)
  eden space 24576K, 81% used [0x00000000d5580000,0x00000000d6918148,0x00000000d6d80000)
  from space 5120K, 97% used [0x00000000d7380000,0x00000000d78650e8,0x00000000d7880000)
  to   space 5632K, 0% used [0x00000000d6d80000,0x00000000d6d80000,0x00000000d7300000)
 ParOldGen       total 68608K, used 7991K [0x0000000080000000, 0x0000000084300000, 0x00000000d5580000)
  object space 68608K, 11% used [0x0000000080000000,0x00000000807cdf38,0x0000000084300000)
 Metaspace       used 20678K, committed 21504K, reserved 1114112K
  class space    used 2182K, committed 2560K, reserved 1048576K
}
Event: 15.354 GC heap after
{Heap after GC invocations=7 (full 0):
 PSYoungGen      total 29184K, used 4423K [0x00000000d5580000, 0x00000000d7780000, 0x0000000100000000)
  eden space 24576K, 0% used [0x00000000d5580000,0x00000000d5580000,0x00000000d6d80000)
  from space 4608K, 95% used [0x00000000d6d80000,0x00000000d71d1c68,0x00000000d7200000)
  to   space 5120K, 0% used [0x00000000d7280000,0x00000000d7280000,0x00000000d7780000)
 ParOldGen       total 68608K, used 9163K [0x0000000080000000, 0x0000000084300000, 0x00000000d5580000)
  object space 68608K, 13% used [0x0000000080000000,0x00000000808f2f80,0x0000000084300000)
 Metaspace       used 20678K, committed 21504K, reserved 1114112K
  class space    used 2182K, committed 2560K, reserved 1048576K
}
Event: 15.354 GC heap before
{Heap before GC invocations=8 (full 1):
 PSYoungGen      total 29184K, used 4423K [0x00000000d5580000, 0x00000000d7780000, 0x0000000100000000)
  eden space 24576K, 0% used [0x00000000d5580000,0x00000000d5580000,0x00000000d6d80000)
  from space 4608K, 95% used [0x00000000d6d80000,0x00000000d71d1c68,0x00000000d7200000)
  to   space 5120K, 0% used [0x00000000d7280000,0x00000000d7280000,0x00000000d7780000)
 ParOldGen       total 68608K, used 9163K [0x0000000080000000, 0x0000000084300000, 0x00000000d5580000)
  object space 68608K, 13% used [0x0000000080000000,0x00000000808f2f80,0x0000000084300000)
 Metaspace       used 20678K, committed 21504K, reserved 1114112K
  class space    used 2182K, committed 2560K, reserved 1048576K
}
Event: 15.462 GC heap after
{Heap after GC invocations=8 (full 1):
 PSYoungGen      total 29184K, used 0K [0x00000000d5580000, 0x00000000d7780000, 0x0000000100000000)
  eden space 24576K, 0% used [0x00000000d5580000,0x00000000d5580000,0x00000000d6d80000)
  from space 4608K, 0% used [0x00000000d6d80000,0x00000000d6d80000,0x00000000d7200000)
  to   space 5120K, 0% used [0x00000000d7280000,0x00000000d7280000,0x00000000d7780000)
 ParOldGen       total 68608K, used 12815K [0x0000000080000000, 0x0000000084300000, 0x00000000d5580000)
  object space 68608K, 18% used [0x0000000080000000,0x0000000080c83f80,0x0000000084300000)
 Metaspace       used 20666K, committed 21504K, reserved 1114112K
  class space    used 2178K, committed 2560K, reserved 1048576K
}
Event: 16.190 GC heap before
{Heap before GC invocations=9 (full 1):
 PSYoungGen      total 29184K, used 24576K [0x00000000d5580000, 0x00000000d7780000, 0x0000000100000000)
  eden space 24576K, 100% used [0x00000000d5580000,0x00000000d6d80000,0x00000000d6d80000)
  from space 4608K, 0% used [0x00000000d6d80000,0x00000000d6d80000,0x00000000d7200000)
  to   space 5120K, 0% used [0x00000000d7280000,0x00000000d7280000,0x00000000d7780000)
 ParOldGen       total 68608K, used 12815K [0x0000000080000000, 0x0000000084300000, 0x00000000d5580000)
  object space 68608K, 18% used [0x0000000080000000,0x0000000080c83f80,0x0000000084300000)
 Metaspace       used 23172K, committed 24064K, reserved 1114112K
  class space    used 2347K, committed 2752K, reserved 1048576K
}
Event: 16.193 GC heap after
{Heap after GC invocations=9 (full 1):
 PSYoungGen      total 25088K, used 715K [0x00000000d5580000, 0x00000000d7380000, 0x0000000100000000)
  eden space 24064K, 0% used [0x00000000d5580000,0x00000000d5580000,0x00000000d6d00000)
  from space 1024K, 69% used [0x00000000d7280000,0x00000000d7332c70,0x00000000d7380000)
  to   space 2560K, 0% used [0x00000000d6e80000,0x00000000d6e80000,0x00000000d7100000)
 ParOldGen       total 68608K, used 12815K [0x0000000080000000, 0x0000000084300000, 0x00000000d5580000)
  object space 68608K, 18% used [0x0000000080000000,0x0000000080c83f80,0x0000000084300000)
 Metaspace       used 23172K, committed 24064K, reserved 1114112K
  class space    used 2347K, committed 2752K, reserved 1048576K
}
Event: 16.800 GC heap before
{Heap before GC invocations=10 (full 1):
 PSYoungGen      total 25088K, used 24774K [0x00000000d5580000, 0x00000000d7380000, 0x0000000100000000)
  eden space 24064K, 99% used [0x00000000d5580000,0x00000000d6cfecc8,0x00000000d6d00000)
  from space 1024K, 69% used [0x00000000d7280000,0x00000000d7332c70,0x00000000d7380000)
  to   space 2560K, 0% used [0x00000000d6e80000,0x00000000d6e80000,0x00000000d7100000)
 ParOldGen       total 68608K, used 12815K [0x0000000080000000, 0x0000000084300000, 0x00000000d5580000)
  object space 68608K, 18% used [0x0000000080000000,0x0000000080c83f80,0x0000000084300000)
 Metaspace       used 26470K, committed 27392K, reserved 1114112K
  class space    used 2683K, committed 3072K, reserved 1048576K
}
Event: 16.805 GC heap after
{Heap after GC invocations=10 (full 1):
 PSYoungGen      total 26112K, used 2531K [0x00000000d5580000, 0x00000000d7380000, 0x0000000100000000)
  eden space 23552K, 0% used [0x00000000d5580000,0x00000000d5580000,0x00000000d6c80000)
  from space 2560K, 98% used [0x00000000d6e80000,0x00000000d70f8f58,0x00000000d7100000)
  to   space 2560K, 0% used [0x00000000d7100000,0x00000000d7100000,0x00000000d7380000)
 ParOldGen       total 68608K, used 13271K [0x0000000080000000, 0x0000000084300000, 0x00000000d5580000)
  object space 68608K, 19% used [0x0000000080000000,0x0000000080cf5f80,0x0000000084300000)
 Metaspace       used 26470K, committed 27392K, reserved 1114112K
  class space    used 2683K, committed 3072K, reserved 1048576K
}

Dll operation events (10 events):
Event: 0.050 Loaded shared library c:\Users\14848\.vscode\extensions\redhat.java-1.44.0-win32-x64\jre\21.0.8-win32-x86_64\bin\java.dll
Event: 0.185 Loaded shared library c:\Users\14848\.vscode\extensions\redhat.java-1.44.0-win32-x64\jre\21.0.8-win32-x86_64\bin\zip.dll
Event: 0.461 Loaded shared library C:\Users\14848\.vscode\extensions\redhat.java-1.44.0-win32-x64\jre\21.0.8-win32-x86_64\bin\instrument.dll
Event: 0.483 Loaded shared library C:\Users\14848\.vscode\extensions\redhat.java-1.44.0-win32-x64\jre\21.0.8-win32-x86_64\bin\net.dll
Event: 0.496 Loaded shared library C:\Users\14848\.vscode\extensions\redhat.java-1.44.0-win32-x64\jre\21.0.8-win32-x86_64\bin\nio.dll
Event: 0.514 Loaded shared library C:\Users\14848\.vscode\extensions\redhat.java-1.44.0-win32-x64\jre\21.0.8-win32-x86_64\bin\zip.dll
Event: 0.589 Loaded shared library C:\Users\14848\.vscode\extensions\redhat.java-1.44.0-win32-x64\jre\21.0.8-win32-x86_64\bin\jimage.dll
Event: 1.000 Loaded shared library c:\Users\14848\.vscode\extensions\redhat.java-1.44.0-win32-x64\jre\21.0.8-win32-x86_64\bin\verify.dll
Event: 6.747 Loaded shared library C:\Users\14848\AppData\Roaming\Code\User\globalStorage\redhat.java\1.44.0\config_win\org.eclipse.equinox.launcher\org.eclipse.equinox.launcher.win32.win32.x86_64_1.2.1400.v20250730-1736\eclipse_11913.dll
Event: 12.578 Loaded shared library C:\Users\14848\AppData\Local\Temp\jna-46857145\jna5753105598319575193.dll

Deoptimization events (20 events):
Event: 16.490 Thread 0x000001d8d05eebd0 Uncommon trap: trap_request=0xffffffde fr.pc=0x000001d887c9684c relative=0x000000000000010c
Event: 16.490 Thread 0x000001d8d05eebd0 Uncommon trap: reason=class_check action=maybe_recompile pc=0x000001d887c9684c method=java.lang.Character.codePointAt(Ljava/lang/CharSequence;I)I @ 2 c2
Event: 16.490 Thread 0x000001d8d05eebd0 DEOPT PACKING pc=0x000001d887c9684c sp=0x000000a1ee9fe7e0
Event: 16.490 Thread 0x000001d8d05eebd0 DEOPT UNPACKING pc=0x000001d887583aa2 sp=0x000000a1ee9fe768 mode 2
Event: 16.490 Thread 0x000001d8d05eebd0 Uncommon trap: trap_request=0xffffffde fr.pc=0x000001d887c9684c relative=0x000000000000010c
Event: 16.490 Thread 0x000001d8d05eebd0 Uncommon trap: reason=class_check action=maybe_recompile pc=0x000001d887c9684c method=java.lang.Character.codePointAt(Ljava/lang/CharSequence;I)I @ 2 c2
Event: 16.490 Thread 0x000001d8d05eebd0 DEOPT PACKING pc=0x000001d887c9684c sp=0x000000a1ee9fe7e0
Event: 16.490 Thread 0x000001d8d05eebd0 DEOPT UNPACKING pc=0x000001d887583aa2 sp=0x000000a1ee9fe768 mode 2
Event: 16.491 Thread 0x000001d8d05eebd0 Uncommon trap: trap_request=0xffffffde fr.pc=0x000001d887c6afa0 relative=0x00000000000003a0
Event: 16.491 Thread 0x000001d8d05eebd0 Uncommon trap: reason=class_check action=maybe_recompile pc=0x000001d887c6afa0 method=java.util.regex.Pattern$BmpCharPropertyGreedy.match(Ljava/util/regex/Matcher;ILjava/lang/CharSequence;)Z @ 21 c2
Event: 16.491 Thread 0x000001d8d05eebd0 DEOPT PACKING pc=0x000001d887c6afa0 sp=0x000000a1ee9fe710
Event: 16.491 Thread 0x000001d8d05eebd0 DEOPT UNPACKING pc=0x000001d887583aa2 sp=0x000000a1ee9fe6c0 mode 2
Event: 16.491 Thread 0x000001d8d05eebd0 Uncommon trap: trap_request=0xffffffde fr.pc=0x000001d887c6afa0 relative=0x00000000000003a0
Event: 16.491 Thread 0x000001d8d05eebd0 Uncommon trap: reason=class_check action=maybe_recompile pc=0x000001d887c6afa0 method=java.util.regex.Pattern$BmpCharPropertyGreedy.match(Ljava/util/regex/Matcher;ILjava/lang/CharSequence;)Z @ 21 c2
Event: 16.491 Thread 0x000001d8d05eebd0 DEOPT PACKING pc=0x000001d887c6afa0 sp=0x000000a1ee9fe610
Event: 16.491 Thread 0x000001d8d05eebd0 DEOPT UNPACKING pc=0x000001d887583aa2 sp=0x000000a1ee9fe5a0 mode 2
Event: 16.546 Thread 0x000001d8d05eebd0 Uncommon trap: trap_request=0xffffff45 fr.pc=0x000001d887c9b9e8 relative=0x00000000000000c8
Event: 16.546 Thread 0x000001d8d05eebd0 Uncommon trap: reason=unstable_if action=reinterpret pc=0x000001d887c9b9e8 method=org.codehaus.plexus.util.xml.pull.MXParser.more()C @ 8 c2
Event: 16.547 Thread 0x000001d8d05eebd0 DEOPT PACKING pc=0x000001d887c9b9e8 sp=0x000000a1ee9fe9f0
Event: 16.547 Thread 0x000001d8d05eebd0 DEOPT UNPACKING pc=0x000001d887583aa2 sp=0x000000a1ee9fe980 mode 2

Classes loaded (20 events):
Event: 16.363 Loading class java/lang/invoke/MethodHandleImpl$Makers$1
Event: 16.363 Loading class java/lang/invoke/MethodHandleImpl$Makers$1 done
Event: 16.363 Loading class java/lang/invoke/MethodHandleImpl$Makers$2
Event: 16.363 Loading class java/lang/invoke/MethodHandleImpl$Makers$2 done
Event: 16.364 Loading class java/lang/invoke/MethodHandleImpl$Makers$3
Event: 16.364 Loading class java/lang/invoke/MethodHandleImpl$Makers$3 done
Event: 16.381 Loading class java/lang/runtime/ObjectMethods$1
Event: 16.382 Loading class java/lang/runtime/ObjectMethods$1 done
Event: 16.446 Loading class java/lang/invoke/MethodHandleImpl$CountingWrapper
Event: 16.447 Loading class java/lang/invoke/MethodHandleImpl$CountingWrapper done
Event: 16.489 Loading class java/io/FileReader
Event: 16.489 Loading class java/io/FileReader done
Event: 16.596 Loading class java/util/concurrent/atomic/AtomicReferenceFieldUpdater
Event: 16.597 Loading class java/util/concurrent/atomic/AtomicReferenceFieldUpdater done
Event: 16.597 Loading class java/util/concurrent/atomic/AtomicReferenceFieldUpdater$AtomicReferenceFieldUpdaterImpl
Event: 16.598 Loading class java/util/concurrent/atomic/AtomicReferenceFieldUpdater$AtomicReferenceFieldUpdaterImpl done
Event: 16.598 Loading class java/util/concurrent/atomic/AtomicReferenceFieldUpdater$AtomicReferenceFieldUpdaterImpl$1
Event: 16.599 Loading class java/util/concurrent/atomic/AtomicReferenceFieldUpdater$AtomicReferenceFieldUpdaterImpl$1 done
Event: 16.740 Loading class java/io/FilterReader
Event: 16.740 Loading class java/io/FilterReader done

Classes unloaded (7 events):
Event: 15.371 Thread 0x000001d8f11bec00 Unloading class 0x000001d8901a6c00 'java/lang/invoke/LambdaForm$MH+0x000001d8901a6c00'
Event: 15.371 Thread 0x000001d8f11bec00 Unloading class 0x000001d8901a6800 'java/lang/invoke/LambdaForm$MH+0x000001d8901a6800'
Event: 15.371 Thread 0x000001d8f11bec00 Unloading class 0x000001d8901a6400 'java/lang/invoke/LambdaForm$MH+0x000001d8901a6400'
Event: 15.371 Thread 0x000001d8f11bec00 Unloading class 0x000001d8901a6000 'java/lang/invoke/LambdaForm$MH+0x000001d8901a6000'
Event: 15.371 Thread 0x000001d8f11bec00 Unloading class 0x000001d8901a5c00 'java/lang/invoke/LambdaForm$BMH+0x000001d8901a5c00'
Event: 15.371 Thread 0x000001d8f11bec00 Unloading class 0x000001d8901a5800 'java/lang/invoke/LambdaForm$DMH+0x000001d8901a5800'
Event: 15.371 Thread 0x000001d8f11bec00 Unloading class 0x000001d8901a4800 'java/lang/invoke/LambdaForm$DMH+0x000001d8901a4800'

Classes redefined (0 events):
No events

Internal exceptions (20 events):
Event: 14.640 Thread 0x000001d8ff695470 Exception <a 'java/lang/NoSuchMethodError'{0x00000000d5d17700}: 'java.lang.Object java.lang.invoke.DirectMethodHandle$Holder.newInvokeSpecial(java.lang.Object, int, java.lang.Object, java.lang.Object)'> (0x00000000d5d17700) 
thrown [s\src\hotspot\share\interpreter\linkResolver.cpp, line 773]
Event: 15.142 Thread 0x000001d8ff695470 Exception <a 'java/lang/NoSuchMethodError'{0x00000000d656cf80}: 'long java.lang.invoke.DirectMethodHandle$Holder.invokeSpecial(java.lang.Object, java.lang.Object)'> (0x00000000d656cf80) 
thrown [s\src\hotspot\share\interpreter\linkResolver.cpp, line 773]
Event: 15.143 Thread 0x000001d8ff695470 Exception <a 'java/lang/NoSuchMethodError'{0x00000000d6571118}: 'long java.lang.invoke.Invokers$Holder.invokeExact_MT(java.lang.Object, java.lang.Object)'> (0x00000000d6571118) 
thrown [s\src\hotspot\share\interpreter\linkResolver.cpp, line 773]
Event: 15.603 Thread 0x000001d8ff695470 Exception <a 'java/lang/NoSuchMethodError'{0x00000000d58a46e0}: 'double java.lang.invoke.DirectMethodHandle$Holder.invokeStatic(java.lang.Object, java.lang.Object)'> (0x00000000d58a46e0) 
thrown [s\src\hotspot\share\interpreter\linkResolver.cpp, line 773]
Event: 15.605 Thread 0x000001d8ff695470 Exception <a 'java/lang/NoSuchMethodError'{0x00000000d58a7d70}: 'double java.lang.invoke.DirectMethodHandle$Holder.invokeStaticInit(java.lang.Object, java.lang.Object)'> (0x00000000d58a7d70) 
thrown [s\src\hotspot\share\interpreter\linkResolver.cpp, line 773]
Event: 16.358 Thread 0x000001d8d05eebd0 Exception <a 'java/lang/NoSuchMethodError'{0x00000000d5934410}: 'java.lang.Object java.lang.invoke.DirectMethodHandle$Holder.invokeStaticInit(java.lang.Object, java.lang.Object, java.lang.Object, java.lang.Object, java.lang.Object, java.lang.Object, java.lang.Object)'> (0x00000000d5934410) 
thrown [s\src\hotspot\share\interpreter\linkResolver.cpp, line 773]
Event: 16.360 Thread 0x000001d8d05eebd0 Exception <a 'java/lang/NoSuchMethodError'{0x00000000d5938e58}: 'java.lang.Object java.lang.invoke.Invokers$Holder.invoke_MT(java.lang.Object, java.lang.Object, java.lang.Object, java.lang.Object, java.lang.Object, java.lang.Object, java.lang.Object, java.lang.Object, java.lang.Object)'> (0x00000000d5938e58) 
thrown [s\src\hotspot\share\interpreter\linkResolver.cpp, line 773]
Event: 16.382 Thread 0x000001d8d05eebd0 Exception <a 'java/lang/NoSuchMethodError'{0x00000000d5979d88}: 'int java.lang.invoke.DirectMethodHandle$Holder.invokeVirtual(java.lang.Object, java.lang.Object, java.lang.Object)'> (0x00000000d5979d88) 
thrown [s\src\hotspot\share\interpreter\linkResolver.cpp, line 773]
Event: 16.385 Thread 0x000001d8d05eebd0 Exception <a 'java/lang/NoSuchMethodError'{0x00000000d597df40}: 'int java.lang.invoke.DirectMethodHandle$Holder.invokeStaticInit(java.lang.Object, int, int)'> (0x00000000d597df40) 
thrown [s\src\hotspot\share\interpreter\linkResolver.cpp, line 773]
Event: 16.420 Thread 0x000001d8d05eebd0 Exception <a 'java/lang/NoSuchMethodError'{0x00000000d5a825a8}: 'int java.lang.invoke.DirectMethodHandle$Holder.invokeStaticInit(java.lang.Object, long, long)'> (0x00000000d5a825a8) 
thrown [s\src\hotspot\share\interpreter\linkResolver.cpp, line 773]
Event: 16.422 Thread 0x000001d8d05eebd0 Exception <a 'java/lang/NoSuchMethodError'{0x00000000d5a89198}: 'int java.lang.invoke.DirectMethodHandle$Holder.invokeStaticInit(java.lang.Object, float, float)'> (0x00000000d5a89198) 
thrown [s\src\hotspot\share\interpreter\linkResolver.cpp, line 773]
Event: 16.425 Thread 0x000001d8d05eebd0 Exception <a 'java/lang/NoSuchMethodError'{0x00000000d5a8ffd8}: 'int java.lang.invoke.DirectMethodHandle$Holder.invokeStaticInit(java.lang.Object, double, double)'> (0x00000000d5a8ffd8) 
thrown [s\src\hotspot\share\interpreter\linkResolver.cpp, line 773]
Event: 16.426 Thread 0x000001d8d05eebd0 Exception <a 'java/lang/NoSuchMethodError'{0x00000000d5a94660}: 'int java.lang.invoke.DirectMethodHandle$Holder.invokeStatic(java.lang.Object, long)'> (0x00000000d5a94660) 
thrown [s\src\hotspot\share\interpreter\linkResolver.cpp, line 773]
Event: 16.435 Thread 0x000001d8d05eebd0 Exception <a 'java/lang/NoSuchMethodError'{0x00000000d5b31d20}: 'int java.lang.invoke.Invokers$Holder.linkToTargetMethod(java.lang.Object, java.lang.Object)'> (0x00000000d5b31d20) 
thrown [s\src\hotspot\share\interpreter\linkResolver.cpp, line 773]
Event: 16.435 Thread 0x000001d8d05ee540 Exception <a 'java/lang/NoSuchMethodError'{0x00000000d5b2ea88}: 'int java.lang.invoke.Invokers$Holder.linkToTargetMethod(java.lang.Object, java.lang.Object)'> (0x00000000d5b2ea88) 
thrown [s\src\hotspot\share\interpreter\linkResolver.cpp, line 773]
Event: 16.439 Thread 0x000001d8d05ee540 Exception <a 'java/lang/NoSuchMethodError'{0x00000000d5b70750}: 'int java.lang.invoke.DirectMethodHandle$Holder.invokeSpecial(java.lang.Object, java.lang.Object, java.lang.Object, java.lang.Object)'> (0x00000000d5b70750) 
thrown [s\src\hotspot\share\interpreter\linkResolver.cpp, line 773]
Event: 16.444 Thread 0x000001d8d05ee540 Exception <a 'java/lang/NoSuchMethodError'{0x00000000d5c0ef78}: 'java.lang.Object java.lang.invoke.DirectMethodHandle$Holder.invokeStatic(java.lang.Object, int, java.lang.Object, java.lang.Object)'> (0x00000000d5c0ef78) 
thrown [s\src\hotspot\share\interpreter\linkResolver.cpp, line 773]
Event: 16.445 Thread 0x000001d8d05ee540 Exception <a 'java/lang/NoSuchMethodError'{0x00000000d5c12778}: 'java.lang.Object java.lang.invoke.DelegatingMethodHandle$Holder.delegate(java.lang.Object, int, java.lang.Object, java.lang.Object)'> (0x00000000d5c12778) 
thrown [s\src\hotspot\share\interpreter\linkResolver.cpp, line 773]
Event: 16.452 Thread 0x000001d8d05ee540 Exception <a 'java/lang/NoSuchMethodError'{0x00000000d5cbc008}: 'int java.lang.invoke.Invokers$Holder.linkToTargetMethod(java.lang.Object, java.lang.Object, java.lang.Object)'> (0x00000000d5cbc008) 
thrown [s\src\hotspot\share\interpreter\linkResolver.cpp, line 773]
Event: 16.565 Thread 0x000001d8d05eebd0 Exception <a 'java/lang/NoSuchMethodError'{0x00000000d5ff4090}: 'java.lang.Object java.lang.invoke.DirectMethodHandle$Holder.invokeSpecialIFC(java.lang.Object, java.lang.Object, java.lang.Object, java.lang.Object)'> (0x00000000d5ff4090) 
thrown [s\src\hotspot\share\interpreter\linkResolver.cpp, line 773]

ZGC Phase Switch (0 events):
No events

VM Operations (20 events):
Event: 13.611 Executing VM operation: HandshakeAllThreads (Deoptimize)
Event: 13.611 Executing VM operation: HandshakeAllThreads (Deoptimize) done
Event: 13.611 Executing VM operation: Cleanup
Event: 13.611 Executing VM operation: Cleanup done
Event: 13.772 Executing VM operation: HandshakeAllThreads (Deoptimize)
Event: 13.772 Executing VM operation: HandshakeAllThreads (Deoptimize) done
Event: 13.797 Executing VM operation: HandshakeAllThreads (Deoptimize)
Event: 13.797 Executing VM operation: HandshakeAllThreads (Deoptimize) done
Event: 14.265 Executing VM operation: ParallelGCFailedAllocation (Allocation Failure)
Event: 14.274 Executing VM operation: ParallelGCFailedAllocation (Allocation Failure) done
Event: 15.277 Executing VM operation: Cleanup
Event: 15.277 Executing VM operation: Cleanup done
Event: 15.344 Executing VM operation: CollectForMetadataAllocation (Metadata GC Threshold)
Event: 15.462 Executing VM operation: CollectForMetadataAllocation (Metadata GC Threshold) done
Event: 16.190 Executing VM operation: ParallelGCFailedAllocation (Allocation Failure)
Event: 16.194 Executing VM operation: ParallelGCFailedAllocation (Allocation Failure) done
Event: 16.454 Executing VM operation: HandshakeAllThreads (Deoptimize)
Event: 16.462 Executing VM operation: HandshakeAllThreads (Deoptimize) done
Event: 16.800 Executing VM operation: ParallelGCFailedAllocation (Allocation Failure)
Event: 16.805 Executing VM operation: ParallelGCFailedAllocation (Allocation Failure) done

Memory protections (0 events):
No events

Nmethod flushes (0 events):
No events

Events (20 events):
Event: 10.738 Thread 0x000001d8d0472520 Thread exited: 0x000001d8d0472520
Event: 10.828 Thread 0x000001d8ff695470 Thread added: 0x000001d8d05ed820
Event: 11.822 Thread 0x000001d8fa9a6e90 Thread added: 0x000001d8ff20f220
Event: 12.027 Thread 0x000001d8ff20f220 Thread exited: 0x000001d8ff20f220
Event: 12.369 Thread 0x000001d8fa9a8380 Thread added: 0x000001d8d04f9830
Event: 12.725 Thread 0x000001d8ff695470 Thread added: 0x000001d8d05ed190
Event: 12.959 Thread 0x000001d8d04f9830 Thread exited: 0x000001d8d04f9830
Event: 12.964 Thread 0x000001d8ff695470 Thread added: 0x000001d8d05ee540
Event: 13.199 Thread 0x000001d8ff695470 Thread added: 0x000001d8d05eebd0
Event: 13.590 Thread 0x000001d8fa9a8380 Thread added: 0x000001d8d04f9830
Event: 14.331 Thread 0x000001d8d04f9830 Thread exited: 0x000001d8d04f9830
Event: 14.527 Thread 0x000001d8fa9a8380 Thread added: 0x000001d8d0ddc6b0
Event: 14.696 Thread 0x000001d8d0ddc6b0 Thread exited: 0x000001d8d0ddc6b0
Event: 14.844 Thread 0x000001d8fa9a8380 Thread added: 0x000001d8d0dda4a0
Event: 15.823 Thread 0x000001d8d0dda4a0 Thread exited: 0x000001d8d0dda4a0
Event: 15.895 Thread 0x000001d8fa9a8380 Thread added: 0x000001d8d0ddcd80
Event: 16.098 Thread 0x000001d8d0ddcd80 Thread exited: 0x000001d8d0ddcd80
Event: 16.402 Thread 0x000001d8d05ee540 Thread added: 0x000001d8d05ec470
Event: 16.606 Thread 0x000001d8d05ec470 Thread added: 0x000001d8d05ecb00
Event: 16.831 Thread 0x000001d8fa9a8380 Thread added: 0x000001d8faa9aae0


Dynamic libraries:
0x00007ff7a38b0000 - 0x00007ff7a38be000 	c:\Users\14848\.vscode\extensions\redhat.java-1.44.0-win32-x64\jre\21.0.8-win32-x86_64\bin\java.exe
0x00007fff036d0000 - 0x00007fff038e7000 	C:\WINDOWS\SYSTEM32\ntdll.dll
0x00007fff020d0000 - 0x00007fff02194000 	C:\WINDOWS\System32\KERNEL32.DLL
0x00007fff007c0000 - 0x00007fff00b93000 	C:\WINDOWS\System32\KERNELBASE.dll
0x00007fff01240000 - 0x00007fff01351000 	C:\WINDOWS\System32\ucrtbase.dll
0x00007ffee4bf0000 - 0x00007ffee4c08000 	c:\Users\14848\.vscode\extensions\redhat.java-1.44.0-win32-x64\jre\21.0.8-win32-x86_64\bin\jli.dll
0x00007fff02d10000 - 0x00007fff02ec1000 	C:\WINDOWS\System32\USER32.dll
0x00007ffee4c10000 - 0x00007ffee4c2e000 	c:\Users\14848\.vscode\extensions\redhat.java-1.44.0-win32-x64\jre\21.0.8-win32-x86_64\bin\VCRUNTIME140.dll
0x00007fff01210000 - 0x00007fff01236000 	C:\WINDOWS\System32\win32u.dll
0x00007fff01d50000 - 0x00007fff01d79000 	C:\WINDOWS\System32\GDI32.dll
0x00007ffee29e0000 - 0x00007ffee2c7b000 	C:\WINDOWS\WinSxS\amd64_microsoft.windows.common-controls_6595b64144ccf1df_6.0.22621.5262_none_2712bde373830908\COMCTL32.dll
0x00007fff00f00000 - 0x00007fff01022000 	C:\WINDOWS\System32\gdi32full.dll
0x00007fff02730000 - 0x00007fff027d7000 	C:\WINDOWS\System32\msvcrt.dll
0x00007fff010f0000 - 0x00007fff0118a000 	C:\WINDOWS\System32\msvcp_win.dll
0x00007fff01fc0000 - 0x00007fff01ff1000 	C:\WINDOWS\System32\IMM32.DLL
0x00007ffef4d20000 - 0x00007ffef4d2c000 	c:\Users\14848\.vscode\extensions\redhat.java-1.44.0-win32-x64\jre\21.0.8-win32-x86_64\bin\vcruntime140_1.dll
0x00007ffec4880000 - 0x00007ffec490d000 	c:\Users\14848\.vscode\extensions\redhat.java-1.44.0-win32-x64\jre\21.0.8-win32-x86_64\bin\msvcp140.dll
0x00007ffea0c10000 - 0x00007ffea19a7000 	c:\Users\14848\.vscode\extensions\redhat.java-1.44.0-win32-x64\jre\21.0.8-win32-x86_64\bin\server\jvm.dll
0x00007fff02000000 - 0x00007fff020b1000 	C:\WINDOWS\System32\ADVAPI32.dll
0x00007fff02ba0000 - 0x00007fff02c47000 	C:\WINDOWS\System32\sechost.dll
0x00007fff00c20000 - 0x00007fff00c48000 	C:\WINDOWS\System32\bcrypt.dll
0x00007fff01c00000 - 0x00007fff01d14000 	C:\WINDOWS\System32\RPCRT4.dll
0x00007fff03610000 - 0x00007fff03681000 	C:\WINDOWS\System32\WS2_32.dll
0x00007fff004e0000 - 0x00007fff0052d000 	C:\WINDOWS\SYSTEM32\POWRPROF.dll
0x00007ffef7230000 - 0x00007ffef7264000 	C:\WINDOWS\SYSTEM32\WINMM.dll
0x00007ffef5250000 - 0x00007ffef525a000 	C:\WINDOWS\SYSTEM32\VERSION.dll
0x00007fff004c0000 - 0x00007fff004d3000 	C:\WINDOWS\SYSTEM32\UMPDC.dll
0x00007ffeff7c0000 - 0x00007ffeff7d8000 	C:\WINDOWS\SYSTEM32\kernel.appcore.dll
0x00007ffef33d0000 - 0x00007ffef33da000 	c:\Users\14848\.vscode\extensions\redhat.java-1.44.0-win32-x64\jre\21.0.8-win32-x86_64\bin\jimage.dll
0x00007ffefdee0000 - 0x00007ffefe112000 	C:\WINDOWS\SYSTEM32\DBGHELP.DLL
0x00007fff02800000 - 0x00007fff02b93000 	C:\WINDOWS\System32\combase.dll
0x00007fff02ed0000 - 0x00007fff02fa7000 	C:\WINDOWS\System32\OLEAUT32.dll
0x00007ffef4c90000 - 0x00007ffef4cc2000 	C:\WINDOWS\SYSTEM32\dbgcore.DLL
0x00007fff01190000 - 0x00007fff0120b000 	C:\WINDOWS\System32\bcryptPrimitives.dll
0x00007ffef3210000 - 0x00007ffef321f000 	c:\Users\14848\.vscode\extensions\redhat.java-1.44.0-win32-x64\jre\21.0.8-win32-x86_64\bin\instrument.dll
0x00007ffee3b30000 - 0x00007ffee3b4f000 	c:\Users\14848\.vscode\extensions\redhat.java-1.44.0-win32-x64\jre\21.0.8-win32-x86_64\bin\java.dll
0x00007fff01360000 - 0x00007fff01bfd000 	C:\WINDOWS\System32\SHELL32.dll
0x00007fff00c50000 - 0x00007fff00d8f000 	C:\WINDOWS\System32\wintypes.dll
0x00007ffefe6b0000 - 0x00007ffefefcd000 	C:\WINDOWS\SYSTEM32\windows.storage.dll
0x00007fff030d0000 - 0x00007fff031db000 	C:\WINDOWS\System32\SHCORE.dll
0x00007fff03060000 - 0x00007fff030c6000 	C:\WINDOWS\System32\shlwapi.dll
0x00007fff006f0000 - 0x00007fff0071b000 	C:\WINDOWS\SYSTEM32\profapi.dll
0x00007ffee3ac0000 - 0x00007ffee3ad8000 	c:\Users\14848\.vscode\extensions\redhat.java-1.44.0-win32-x64\jre\21.0.8-win32-x86_64\bin\zip.dll
0x00007ffef31a0000 - 0x00007ffef31b0000 	C:\Users\14848\.vscode\extensions\redhat.java-1.44.0-win32-x64\jre\21.0.8-win32-x86_64\bin\net.dll
0x00007ffef82b0000 - 0x00007ffef83dc000 	C:\WINDOWS\SYSTEM32\WINHTTP.dll
0x00007ffeffc40000 - 0x00007ffeffcaa000 	C:\WINDOWS\system32\mswsock.dll
0x00007ffee3380000 - 0x00007ffee3396000 	C:\Users\14848\.vscode\extensions\redhat.java-1.44.0-win32-x64\jre\21.0.8-win32-x86_64\bin\nio.dll
0x00007ffef2de0000 - 0x00007ffef2df0000 	c:\Users\14848\.vscode\extensions\redhat.java-1.44.0-win32-x64\jre\21.0.8-win32-x86_64\bin\verify.dll
0x00007ffedb170000 - 0x00007ffedb1b5000 	C:\Users\14848\AppData\Roaming\Code\User\globalStorage\redhat.java\1.44.0\config_win\org.eclipse.equinox.launcher\org.eclipse.equinox.launcher.win32.win32.x86_64_1.2.1400.v20250730-1736\eclipse_11913.dll
0x00007fff03460000 - 0x00007fff03601000 	C:\WINDOWS\System32\ole32.dll
0x00007ffeffe60000 - 0x00007ffeffe7b000 	C:\WINDOWS\SYSTEM32\CRYPTSP.dll
0x00007ffeff720000 - 0x00007ffeff757000 	C:\WINDOWS\system32\rsaenh.dll
0x00007ffeffce0000 - 0x00007ffeffd08000 	C:\WINDOWS\SYSTEM32\USERENV.dll
0x00007ffeffe80000 - 0x00007ffeffe8c000 	C:\WINDOWS\SYSTEM32\CRYPTBASE.dll
0x00007ffeff270000 - 0x00007ffeff29d000 	C:\WINDOWS\SYSTEM32\IPHLPAPI.DLL
0x00007fff01fb0000 - 0x00007fff01fb9000 	C:\WINDOWS\System32\NSI.dll
0x00007ffee1e90000 - 0x00007ffee1ed9000 	C:\Users\14848\AppData\Local\Temp\jna-46857145\jna5753105598319575193.dll
0x00007fff020c0000 - 0x00007fff020c8000 	C:\WINDOWS\System32\PSAPI.DLL

JVMTI agents:
c:\Users\14848\.vscode\extensions\redhat.java-1.44.0-win32-x64\lombok\lombok-1.18.39-4050.jar path:c:\Users\14848\.vscode\extensions\redhat.java-1.44.0-win32-x64\jre\21.0.8-win32-x86_64\bin\instrument.dll, loaded, initialized, instrumentlib options:none

dbghelp: loaded successfully - version: 4.0.5 - missing functions: none
symbol engine: initialized successfully - sym options: 0x614 - pdb path: .;c:\Users\14848\.vscode\extensions\redhat.java-1.44.0-win32-x64\jre\21.0.8-win32-x86_64\bin;C:\WINDOWS\SYSTEM32;C:\WINDOWS\WinSxS\amd64_microsoft.windows.common-controls_6595b64144ccf1df_6.0.22621.5262_none_2712bde373830908;c:\Users\14848\.vscode\extensions\redhat.java-1.44.0-win32-x64\jre\21.0.8-win32-x86_64\bin\server;C:\Users\14848\AppData\Roaming\Code\User\globalStorage\redhat.java\1.44.0\config_win\org.eclipse.equinox.launcher\org.eclipse.equinox.launcher.win32.win32.x86_64_1.2.1400.v20250730-1736;C:\Users\14848\AppData\Local\Temp\jna-46857145

VM Arguments:
jvm_args: --add-modules=ALL-SYSTEM --add-opens=java.base/java.util=ALL-UNNAMED --add-opens=java.base/java.lang=ALL-UNNAMED --add-opens=java.base/sun.nio.fs=ALL-UNNAMED -Declipse.application=org.eclipse.jdt.ls.core.id1 -Dosgi.bundles.defaultStartLevel=4 -Declipse.product=org.eclipse.jdt.ls.core.product -Djava.import.generatesMetadataFilesAtProjectRoot=false -DDetectVMInstallationsJob.disabled=true -Dfile.encoding=utf8 -XX:+UseParallelGC -XX:GCTimeRatio=4 -XX:AdaptiveSizePolicyWeight=90 -Dsun.zip.disableMemoryMapping=true -Xmx2G -Xms100m -Xlog:disable -javaagent:c:\Users\14848\.vscode\extensions\redhat.java-1.44.0-win32-x64\lombok\lombok-1.18.39-4050.jar -XX:+HeapDumpOnOutOfMemoryError -XX:HeapDumpPath=c:\Users\14848\AppData\Roaming\Code\User\workspaceStorage\0ebadca8cb9dd3d98f2bd67353e32416\redhat.java -Daether.dependencyCollector.impl=bf 
java_command: c:\Users\14848\.vscode\extensions\redhat.java-1.44.0-win32-x64\server\plugins\org.eclipse.equinox.launcher_1.7.0.v20250519-0528.jar -configuration c:\Users\14848\AppData\Roaming\Code\User\globalStorage\redhat.java\1.44.0\config_win -data c:\Users\14848\AppData\Roaming\Code\User\workspaceStorage\0ebadca8cb9dd3d98f2bd67353e32416\redhat.java\jdt_ws --pipe=\\.\pipe\lsp-28044dd2ad3eee2e307bd185dfb9681f-sock
java_class_path (initial): c:\Users\14848\.vscode\extensions\redhat.java-1.44.0-win32-x64\server\plugins\org.eclipse.equinox.launcher_1.7.0.v20250519-0528.jar
Launcher Type: SUN_STANDARD

[Global flags]
    uintx AdaptiveSizePolicyWeight                 = 90                                        {product} {command line}
     intx CICompilerCount                          = 4                                         {product} {ergonomic}
    uintx GCTimeRatio                              = 4                                         {product} {command line}
     bool HeapDumpOnOutOfMemoryError               = true                                   {manageable} {command line}
    ccstr HeapDumpPath                             = c:\Users\14848\AppData\Roaming\Code\User\workspaceStorage\0ebadca8cb9dd3d98f2bd67353e32416\redhat.java         {manageable} {command line}
   size_t InitialHeapSize                          = 104857600                                 {product} {command line}
   size_t MaxHeapSize                              = 2147483648                                {product} {command line}
   size_t MaxNewSize                               = 715653120                                 {product} {ergonomic}
   size_t MinHeapDeltaBytes                        = 524288                                    {product} {ergonomic}
   size_t MinHeapSize                              = 104857600                                 {product} {command line}
   size_t NewSize                                  = 34603008                                  {product} {ergonomic}
    uintx NonNMethodCodeHeapSize                   = 5839372                                {pd product} {ergonomic}
    uintx NonProfiledCodeHeapSize                  = 122909434                              {pd product} {ergonomic}
   size_t OldSize                                  = 70254592                                  {product} {ergonomic}
    uintx ProfiledCodeHeapSize                     = 122909434                              {pd product} {ergonomic}
    uintx ReservedCodeCacheSize                    = 251658240                              {pd product} {ergonomic}
     bool SegmentedCodeCache                       = true                                      {product} {ergonomic}
   size_t SoftMaxHeapSize                          = 2147483648                             {manageable} {ergonomic}
     bool UseCompressedOops                        = true                           {product lp64_product} {ergonomic}
     bool UseLargePagesIndividualAllocation        = false                                  {pd product} {ergonomic}
     bool UseParallelGC                            = true                                      {product} {command line}

Logging:
Log output configuration:
 #0: stdout all=off uptime,level,tags foldmultilines=false
 #1: stderr all=off uptime,level,tags foldmultilines=false

Environment Variables:
JAVA_HOME=D:\JavaLearn\jdk8
CLASSPATH=.;D:\JavaLearn\jdk8\lib;D:\JavaLearn\jdk8\lib\dt.jar;D:\JavaLearn\jdk8\lib\tools.jar
PATH=D:\09tool\Quarto\bin;C:\Program Files (x86)\Common Files\Oracle\Java\javapath;C:\Program Files\dotnet\;D:\02study\Git\Git\bin;D:\02study\Git\Git\cmd;C:\Program Files (x86)\NVIDIA Corporation\PhysX\Common;C:\Windows\system32;C:\Program Files\NVIDIA Corporation\NVIDIA NvDLISR;D:\JavaLearn\jdk8\bin;D:\JavaLearn\maven3.6\bin;D:\09tool\nodejs\;D:\09tool\nodejs\node_cache;D:\09tool\nodejs\node_global;C:\Users\14848\.dotnet\tools;D:\09tool\vscode\Microsoft VS Code\bin;C:\Windows\System32;D:\02study\Git\Git\bin;D:\09tool\nodejs;C:\Users\14848\AppData\Roaming\npm
USERNAME=14848
OS=Windows_NT
PROCESSOR_IDENTIFIER=Intel64 Family 6 Model 166 Stepping 0, GenuineIntel
TMP=C:\Users\14848\AppData\Local\Temp
TEMP=C:\Users\14848\AppData\Local\Temp




Periodic native trim disabled

---------------  S Y S T E M  ---------------

OS:
 Windows 11 , 64 bit Build 22621 (10.0.22621.5262)
OS uptime: 18 days 15:41 hours
Hyper-V role detected

CPU: total 12 (initial active 12) (6 cores per cpu, 2 threads per core) family 6 model 166 stepping 0 microcode 0xe0, cx8, cmov, fxsr, ht, mmx, 3dnowpref, sse, sse2, sse3, ssse3, sse4.1, sse4.2, popcnt, lzcnt, tsc, tscinvbit, avx, avx2, aes, erms, clmul, bmi1, bmi2, adx, fma, vzeroupper, clflush, clflushopt, hv, rdtscp, f16c
Processor Information for the first 12 processors :
  Max Mhz: 1608, Current Mhz: 1105, Mhz Limit: 1093

Memory: 4k page, system-wide physical 16214M (3939M free)
TotalPageFile size 28214M (AvailPageFile size 0M)
current process WorkingSet (physical memory assigned to process): 149M, peak: 151M
current process commit charge ("private bytes"): 286M, peak: 288M

vm_info: OpenJDK 64-Bit Server VM (21.0.8+9-LTS) for windows-amd64 JRE (21.0.8+9-LTS), built on 2025-07-15T00:00:00Z by "admin" with MS VC++ 17.7 (VS2022)

END.
